app/build/intermediates/manifest_merge_blame_file/debug/manifest-merger-blame-debug-report.txt
1<?xml version="1.0" encoding="utf-8"?>
2<manifest xmlns:android="http://schemas.android.com/apk/res/android"
3    package="com.streetfoods.pos"
4    android:versionCode="1"
5    android:versionName="1.0" >
6
7    <uses-sdk
8        android:minSdkVersion="24"
9        android:targetSdkVersion="34" />
10
11    <uses-permission android:name="android.permission.INTERNET" />
11-->src\main\AndroidManifest.xml:4:5-67
11-->src\main\AndroidManifest.xml:4:22-64
12    <uses-permission android:name="android.permission.ACCESS_NETWORK_STATE" />
12-->[com.google.firebase:firebase-auth:22.3.1] AndroidManifest.xml:26:5-79
12-->[com.google.firebase:firebase-auth:22.3.1] AndroidManifest.xml:26:22-76
13    <uses-permission android:name="com.google.android.providers.gsf.permission.READ_GSERVICES" />
13-->[com.google.android.recaptcha:recaptcha:18.4.0] AndroidManifest.xml:9:5-98
13-->[com.google.android.recaptcha:recaptcha:18.4.0] AndroidManifest.xml:9:22-95
14
15    <permission
15-->[androidx.core:core:1.12.0] AndroidManifest.xml:22:5-24:47
16        android:name="com.streetfoods.pos.DYNAMIC_RECEIVER_NOT_EXPORTED_PERMISSION"
16-->[androidx.core:core:1.12.0] AndroidManifest.xml:23:9-81
17        android:protectionLevel="signature" />
17-->[androidx.core:core:1.12.0] AndroidManifest.xml:24:9-44
18
19    <uses-permission android:name="com.streetfoods.pos.DYNAMIC_RECEIVER_NOT_EXPORTED_PERMISSION" />
19-->[androidx.core:core:1.12.0] AndroidManifest.xml:26:5-97
19-->[androidx.core:core:1.12.0] AndroidManifest.xml:26:22-94
20
21    <application
21-->src\main\AndroidManifest.xml:6:5-26:19
22        android:allowBackup="true"
22-->src\main\AndroidManifest.xml:7:9-35
23        android:appComponentFactory="androidx.core.app.CoreComponentFactory"
23-->[androidx.core:core:1.12.0] AndroidManifest.xml:28:18-86
24        android:dataExtractionRules="@xml/data_extraction_rules"
24-->src\main\AndroidManifest.xml:8:9-65
25        android:debuggable="true"
26        android:extractNativeLibs="false"
27        android:fullBackupContent="@xml/backup_rules"
27-->src\main\AndroidManifest.xml:9:9-54
28        android:icon="@android:drawable/sym_def_app_icon"
28-->src\main\AndroidManifest.xml:10:9-58
29        android:label="@string/app_name"
29-->src\main\AndroidManifest.xml:11:9-41
30        android:roundIcon="@android:drawable/sym_def_app_icon"
30-->src\main\AndroidManifest.xml:12:9-63
31        android:supportsRtl="true"
31-->src\main\AndroidManifest.xml:13:9-35
32        android:testOnly="true"
33        android:theme="@style/Theme.StreetFoodPOS" >
33-->src\main\AndroidManifest.xml:14:9-51
34        <activity
34-->src\main\AndroidManifest.xml:16:9-25:20
35            android:name="com.streetfood.pos.MainActivity"
35-->src\main\AndroidManifest.xml:17:13-41
36            android:exported="true"
36-->src\main\AndroidManifest.xml:18:13-36
37            android:label="@string/app_name"
37-->src\main\AndroidManifest.xml:19:13-45
38            android:theme="@style/Theme.StreetFoodPOS" >
38-->src\main\AndroidManifest.xml:20:13-55
39            <intent-filter>
39-->src\main\AndroidManifest.xml:21:13-24:29
40                <action android:name="android.intent.action.MAIN" />
40-->src\main\AndroidManifest.xml:22:17-69
40-->src\main\AndroidManifest.xml:22:25-66
41
42                <category android:name="android.intent.category.LAUNCHER" />
42-->src\main\AndroidManifest.xml:23:17-77
42-->src\main\AndroidManifest.xml:23:27-74
43            </intent-filter>
44        </activity>
45        <activity
45-->[androidx.compose.ui:ui-tooling-android:1.5.1] AndroidManifest.xml:23:9-25:39
46            android:name="androidx.compose.ui.tooling.PreviewActivity"
46-->[androidx.compose.ui:ui-tooling-android:1.5.1] AndroidManifest.xml:24:13-71
47            android:exported="true" />
47-->[androidx.compose.ui:ui-tooling-android:1.5.1] AndroidManifest.xml:25:13-36
48        <activity
48-->[androidx.compose.ui:ui-test-manifest:1.5.1] AndroidManifest.xml:23:9-25:39
49            android:name="androidx.activity.ComponentActivity"
49-->[androidx.compose.ui:ui-test-manifest:1.5.1] AndroidManifest.xml:24:13-63
50            android:exported="true" />
50-->[androidx.compose.ui:ui-test-manifest:1.5.1] AndroidManifest.xml:25:13-36
51        <activity
51-->[com.google.firebase:firebase-auth:22.3.1] AndroidManifest.xml:29:9-46:20
52            android:name="com.google.firebase.auth.internal.GenericIdpActivity"
52-->[com.google.firebase:firebase-auth:22.3.1] AndroidManifest.xml:30:13-80
53            android:excludeFromRecents="true"
53-->[com.google.firebase:firebase-auth:22.3.1] AndroidManifest.xml:31:13-46
54            android:exported="true"
54-->[com.google.firebase:firebase-auth:22.3.1] AndroidManifest.xml:32:13-36
55            android:launchMode="singleTask"
55-->[com.google.firebase:firebase-auth:22.3.1] AndroidManifest.xml:33:13-44
56            android:theme="@android:style/Theme.Translucent.NoTitleBar" >
56-->[com.google.firebase:firebase-auth:22.3.1] AndroidManifest.xml:34:13-72
57            <intent-filter>
57-->[com.google.firebase:firebase-auth:22.3.1] AndroidManifest.xml:35:13-45:29
58                <action android:name="android.intent.action.VIEW" />
58-->[com.google.firebase:firebase-auth:22.3.1] AndroidManifest.xml:36:17-69
58-->[com.google.firebase:firebase-auth:22.3.1] AndroidManifest.xml:36:25-66
59
60                <category android:name="android.intent.category.DEFAULT" />
60-->[com.google.firebase:firebase-auth:22.3.1] AndroidManifest.xml:38:17-76
60-->[com.google.firebase:firebase-auth:22.3.1] AndroidManifest.xml:38:27-73
61                <category android:name="android.intent.category.BROWSABLE" />
61-->[com.google.firebase:firebase-auth:22.3.1] AndroidManifest.xml:39:17-78
61-->[com.google.firebase:firebase-auth:22.3.1] AndroidManifest.xml:39:27-75
62
63                <data
63-->[com.google.firebase:firebase-auth:22.3.1] AndroidManifest.xml:41:17-44:51
64                    android:host="firebase.auth"
64-->[com.google.firebase:firebase-auth:22.3.1] AndroidManifest.xml:42:21-49
65                    android:path="/"
65-->[com.google.firebase:firebase-auth:22.3.1] AndroidManifest.xml:43:21-37
66                    android:scheme="genericidp" />
66-->[com.google.firebase:firebase-auth:22.3.1] AndroidManifest.xml:44:21-48
67            </intent-filter>
68        </activity>
69        <activity
69-->[com.google.firebase:firebase-auth:22.3.1] AndroidManifest.xml:47:9-64:20
70            android:name="com.google.firebase.auth.internal.RecaptchaActivity"
70-->[com.google.firebase:firebase-auth:22.3.1] AndroidManifest.xml:48:13-79
71            android:excludeFromRecents="true"
71-->[com.google.firebase:firebase-auth:22.3.1] AndroidManifest.xml:49:13-46
72            android:exported="true"
72-->[com.google.firebase:firebase-auth:22.3.1] AndroidManifest.xml:50:13-36
73            android:launchMode="singleTask"
73-->[com.google.firebase:firebase-auth:22.3.1] AndroidManifest.xml:51:13-44
74            android:theme="@android:style/Theme.Translucent.NoTitleBar" >
74-->[com.google.firebase:firebase-auth:22.3.1] AndroidManifest.xml:52:13-72
75            <intent-filter>
75-->[com.google.firebase:firebase-auth:22.3.1] AndroidManifest.xml:53:13-63:29
76                <action android:name="android.intent.action.VIEW" />
76-->[com.google.firebase:firebase-auth:22.3.1] AndroidManifest.xml:36:17-69
76-->[com.google.firebase:firebase-auth:22.3.1] AndroidManifest.xml:36:25-66
77
78                <category android:name="android.intent.category.DEFAULT" />
78-->[com.google.firebase:firebase-auth:22.3.1] AndroidManifest.xml:38:17-76
78-->[com.google.firebase:firebase-auth:22.3.1] AndroidManifest.xml:38:27-73
79                <category android:name="android.intent.category.BROWSABLE" />
79-->[com.google.firebase:firebase-auth:22.3.1] AndroidManifest.xml:39:17-78
79-->[com.google.firebase:firebase-auth:22.3.1] AndroidManifest.xml:39:27-75
80
81                <data
81-->[com.google.firebase:firebase-auth:22.3.1] AndroidManifest.xml:41:17-44:51
82                    android:host="firebase.auth"
82-->[com.google.firebase:firebase-auth:22.3.1] AndroidManifest.xml:42:21-49
83                    android:path="/"
83-->[com.google.firebase:firebase-auth:22.3.1] AndroidManifest.xml:43:21-37
84                    android:scheme="recaptcha" />
84-->[com.google.firebase:firebase-auth:22.3.1] AndroidManifest.xml:44:21-48
85            </intent-filter>
86        </activity>
87
88        <service
88-->[com.google.firebase:firebase-auth:22.3.1] AndroidManifest.xml:66:9-72:19
89            android:name="com.google.firebase.components.ComponentDiscoveryService"
89-->[com.google.firebase:firebase-auth:22.3.1] AndroidManifest.xml:67:13-84
90            android:directBootAware="true"
90-->[com.google.firebase:firebase-common:20.4.2] AndroidManifest.xml:32:13-43
91            android:exported="false" >
91-->[com.google.firebase:firebase-auth:22.3.1] AndroidManifest.xml:68:13-37
92            <meta-data
92-->[com.google.firebase:firebase-auth:22.3.1] AndroidManifest.xml:69:13-71:85
93                android:name="com.google.firebase.components:com.google.firebase.auth.FirebaseAuthRegistrar"
93-->[com.google.firebase:firebase-auth:22.3.1] AndroidManifest.xml:70:17-109
94                android:value="com.google.firebase.components.ComponentRegistrar" />
94-->[com.google.firebase:firebase-auth:22.3.1] AndroidManifest.xml:71:17-82
95            <meta-data
95-->[com.google.firebase:firebase-firestore:24.10.1] AndroidManifest.xml:17:13-19:85
96                android:name="com.google.firebase.components:com.google.firebase.firestore.FirebaseFirestoreKtxRegistrar"
96-->[com.google.firebase:firebase-firestore:24.10.1] AndroidManifest.xml:18:17-122
97                android:value="com.google.firebase.components.ComponentRegistrar" />
97-->[com.google.firebase:firebase-firestore:24.10.1] AndroidManifest.xml:19:17-82
98            <meta-data
98-->[com.google.firebase:firebase-firestore:24.10.1] AndroidManifest.xml:20:13-22:85
99                android:name="com.google.firebase.components:com.google.firebase.firestore.FirestoreRegistrar"
99-->[com.google.firebase:firebase-firestore:24.10.1] AndroidManifest.xml:21:17-111
100                android:value="com.google.firebase.components.ComponentRegistrar" />
100-->[com.google.firebase:firebase-firestore:24.10.1] AndroidManifest.xml:22:17-82
101            <meta-data
101-->[com.google.firebase:firebase-common-ktx:20.4.2] AndroidManifest.xml:12:13-14:85
102                android:name="com.google.firebase.components:com.google.firebase.ktx.FirebaseCommonLegacyRegistrar"
102-->[com.google.firebase:firebase-common-ktx:20.4.2] AndroidManifest.xml:13:17-116
103                android:value="com.google.firebase.components.ComponentRegistrar" />
103-->[com.google.firebase:firebase-common-ktx:20.4.2] AndroidManifest.xml:14:17-82
104            <meta-data
104-->[com.google.firebase:firebase-common:20.4.2] AndroidManifest.xml:35:13-37:85
105                android:name="com.google.firebase.components:com.google.firebase.FirebaseCommonKtxRegistrar"
105-->[com.google.firebase:firebase-common:20.4.2] AndroidManifest.xml:36:17-109
106                android:value="com.google.firebase.components.ComponentRegistrar" />
106-->[com.google.firebase:firebase-common:20.4.2] AndroidManifest.xml:37:17-82
107        </service>
108
109        <provider
109-->[com.google.firebase:firebase-common:20.4.2] AndroidManifest.xml:23:9-28:39
110            android:name="com.google.firebase.provider.FirebaseInitProvider"
110-->[com.google.firebase:firebase-common:20.4.2] AndroidManifest.xml:24:13-77
111            android:authorities="com.streetfoods.pos.firebaseinitprovider"
111-->[com.google.firebase:firebase-common:20.4.2] AndroidManifest.xml:25:13-72
112            android:directBootAware="true"
112-->[com.google.firebase:firebase-common:20.4.2] AndroidManifest.xml:26:13-43
113            android:exported="false"
113-->[com.google.firebase:firebase-common:20.4.2] AndroidManifest.xml:27:13-37
114            android:initOrder="100" />
114-->[com.google.firebase:firebase-common:20.4.2] AndroidManifest.xml:28:13-36
115
116        <activity
116-->[com.google.android.gms:play-services-base:18.0.1] AndroidManifest.xml:20:9-22:45
117            android:name="com.google.android.gms.common.api.GoogleApiActivity"
117-->[com.google.android.gms:play-services-base:18.0.1] AndroidManifest.xml:20:19-85
118            android:exported="false"
118-->[com.google.android.gms:play-services-base:18.0.1] AndroidManifest.xml:22:19-43
119            android:theme="@android:style/Theme.Translucent.NoTitleBar" />
119-->[com.google.android.gms:play-services-base:18.0.1] AndroidManifest.xml:21:19-78
120
121        <meta-data
121-->[com.google.android.gms:play-services-basement:18.1.0] AndroidManifest.xml:21:9-23:69
122            android:name="com.google.android.gms.version"
122-->[com.google.android.gms:play-services-basement:18.1.0] AndroidManifest.xml:22:13-58
123            android:value="@integer/google_play_services_version" />
123-->[com.google.android.gms:play-services-basement:18.1.0] AndroidManifest.xml:23:13-66
124
125        <provider
125-->[androidx.emoji2:emoji2:1.4.0] AndroidManifest.xml:24:9-32:20
126            android:name="androidx.startup.InitializationProvider"
126-->[androidx.emoji2:emoji2:1.4.0] AndroidManifest.xml:25:13-67
127            android:authorities="com.streetfoods.pos.androidx-startup"
127-->[androidx.emoji2:emoji2:1.4.0] AndroidManifest.xml:26:13-68
128            android:exported="false" >
128-->[androidx.emoji2:emoji2:1.4.0] AndroidManifest.xml:27:13-37
129            <meta-data
129-->[androidx.emoji2:emoji2:1.4.0] AndroidManifest.xml:29:13-31:52
130                android:name="androidx.emoji2.text.EmojiCompatInitializer"
130-->[androidx.emoji2:emoji2:1.4.0] AndroidManifest.xml:30:17-75
131                android:value="androidx.startup" />
131-->[androidx.emoji2:emoji2:1.4.0] AndroidManifest.xml:31:17-49
132            <meta-data
132-->[androidx.lifecycle:lifecycle-process:2.7.0] AndroidManifest.xml:29:13-31:52
133                android:name="androidx.lifecycle.ProcessLifecycleInitializer"
133-->[androidx.lifecycle:lifecycle-process:2.7.0] AndroidManifest.xml:30:17-78
134                android:value="androidx.startup" />
134-->[androidx.lifecycle:lifecycle-process:2.7.0] AndroidManifest.xml:31:17-49
135            <meta-data
135-->[androidx.profileinstaller:profileinstaller:1.3.0] AndroidManifest.xml:29:13-31:52
136                android:name="androidx.profileinstaller.ProfileInstallerInitializer"
136-->[androidx.profileinstaller:profileinstaller:1.3.0] AndroidManifest.xml:30:17-85
137                android:value="androidx.startup" />
137-->[androidx.profileinstaller:profileinstaller:1.3.0] AndroidManifest.xml:31:17-49
138        </provider>
139
140        <receiver
140-->[androidx.profileinstaller:profileinstaller:1.3.0] AndroidManifest.xml:34:9-52:20
141            android:name="androidx.profileinstaller.ProfileInstallReceiver"
141-->[androidx.profileinstaller:profileinstaller:1.3.0] AndroidManifest.xml:35:13-76
142            android:directBootAware="false"
142-->[androidx.profileinstaller:profileinstaller:1.3.0] AndroidManifest.xml:36:13-44
143            android:enabled="true"
143-->[androidx.profileinstaller:profileinstaller:1.3.0] AndroidManifest.xml:37:13-35
144            android:exported="true"
144-->[androidx.profileinstaller:profileinstaller:1.3.0] AndroidManifest.xml:38:13-36
145            android:permission="android.permission.DUMP" >
145-->[androidx.profileinstaller:profileinstaller:1.3.0] AndroidManifest.xml:39:13-57
146            <intent-filter>
146-->[androidx.profileinstaller:profileinstaller:1.3.0] AndroidManifest.xml:40:13-42:29
147                <action android:name="androidx.profileinstaller.action.INSTALL_PROFILE" />
147-->[androidx.profileinstaller:profileinstaller:1.3.0] AndroidManifest.xml:41:17-91
147-->[androidx.profileinstaller:profileinstaller:1.3.0] AndroidManifest.xml:41:25-88
148            </intent-filter>
149            <intent-filter>
149-->[androidx.profileinstaller:profileinstaller:1.3.0] AndroidManifest.xml:43:13-45:29
150                <action android:name="androidx.profileinstaller.action.SKIP_FILE" />
150-->[androidx.profileinstaller:profileinstaller:1.3.0] AndroidManifest.xml:44:17-85
150-->[androidx.profileinstaller:profileinstaller:1.3.0] AndroidManifest.xml:44:25-82
151            </intent-filter>
152            <intent-filter>
152-->[androidx.profileinstaller:profileinstaller:1.3.0] AndroidManifest.xml:46:13-48:29
153                <action android:name="androidx.profileinstaller.action.SAVE_PROFILE" />
153-->[androidx.profileinstaller:profileinstaller:1.3.0] AndroidManifest.xml:47:17-88
153-->[androidx.profileinstaller:profileinstaller:1.3.0] AndroidManifest.xml:47:25-85
154            </intent-filter>
155            <intent-filter>
155-->[androidx.profileinstaller:profileinstaller:1.3.0] AndroidManifest.xml:49:13-51:29
156                <action android:name="androidx.profileinstaller.action.BENCHMARK_OPERATION" />
156-->[androidx.profileinstaller:profileinstaller:1.3.0] AndroidManifest.xml:50:17-95
156-->[androidx.profileinstaller:profileinstaller:1.3.0] AndroidManifest.xml:50:25-92
157            </intent-filter>
158        </receiver>
159    </application>
160
161</manifest>